This file contains any messages produced by compilers while
running configure, to aid debugging if configure makes a mistake.

It was created by isl configure 0.22, which was
generated by GNU Autoconf 2.69.  Invocation command line was

  $ ./configure --disable-option-checking --prefix=/usr/local --with-isl-builddir=../isl --with-isl=build --with-clang=no --cache-file=/dev/null --srcdir=.

## --------- ##
## Platform. ##
## --------- ##

hostname = omnisky
uname -m = x86_64
uname -r = 4.15.0-91-generic
uname -s = Linux
uname -v = #92~16.04.1-Ubuntu SMP Fri Feb 28 14:57:22 UTC 2020

/usr/bin/uname -p = unknown
/bin/uname -X     = unknown

/bin/arch              = unknown
/usr/bin/arch -k       = unknown
/usr/convex/getsysinfo = unknown
/usr/bin/hostinfo      = unknown
/bin/machine           = unknown
/usr/bin/oslevel       = unknown
/bin/universe          = unknown

PATH: /home/omnisky/bin
PATH: /home/omnisky/.local/bin
PATH: /home/omnisky/anaconda3/bin
PATH: /home/omnisky/anaconda3/condabin
PATH: /usr/local/cuda/bin
PATH: /usr/local/sbin
PATH: /usr/local/bin
PATH: /usr/sbin
PATH: /usr/bin
PATH: /sbin
PATH: /bin
PATH: /usr/games
PATH: /usr/local/games
PATH: /snap/bin
PATH: /home/omnisky/fpga/wzz/scala_ide/bin


## ----------- ##
## Core tests. ##
## ----------- ##

configure:2890: checking for a BSD-compatible install
configure:2958: result: /usr/bin/install -c
configure:2969: checking whether build environment is sane
configure:3024: result: yes
configure:3175: checking for a thread-safe mkdir -p
configure:3214: result: /bin/mkdir -p
configure:3221: checking for gawk
configure:3237: found /usr/bin/gawk
configure:3248: result: gawk
configure:3259: checking whether make sets $(MAKE)
configure:3281: result: yes
configure:3310: checking whether make supports nested variables
configure:3327: result: yes
configure:3464: checking whether make supports nested variables
configure:3481: result: yes
configure:3555: checking for gcc
configure:3571: found /usr/bin/gcc
configure:3582: result: gcc
configure:3811: checking for C compiler version
configure:3820: gcc --version >&5
gcc (Ubuntu 7.5.0-3ubuntu1~16.04) 7.5.0
Copyright (C) 2017 Free Software Foundation, Inc.
This is free software; see the source for copying conditions.  There is NO
warranty; not even for MERCHANTABILITY or FITNESS FOR A PARTICULAR PURPOSE.

configure:3831: $? = 0
configure:3820: gcc -v >&5
Using built-in specs.
COLLECT_GCC=gcc
COLLECT_LTO_WRAPPER=/usr/lib/gcc/x86_64-linux-gnu/7/lto-wrapper
OFFLOAD_TARGET_NAMES=nvptx-none
OFFLOAD_TARGET_DEFAULT=1
Target: x86_64-linux-gnu
Configured with: ../src/configure -v --with-pkgversion='Ubuntu 7.5.0-3ubuntu1~16.04' --with-bugurl=file:///usr/share/doc/gcc-7/README.Bugs --enable-languages=c,ada,c++,go,brig,d,fortran,objc,obj-c++ --prefix=/usr --with-gcc-major-version-only --program-suffix=-7 --program-prefix=x86_64-linux-gnu- --enable-shared --enable-linker-build-id --libexecdir=/usr/lib --without-included-gettext --enable-threads=posix --libdir=/usr/lib --enable-nls --enable-bootstrap --enable-clocale=gnu --enable-libstdcxx-debug --enable-libstdcxx-time=yes --with-default-libstdcxx-abi=new --enable-gnu-unique-object --disable-vtable-verify --enable-libmpx --enable-plugin --with-system-zlib --with-target-system-zlib --enable-objc-gc=auto --enable-multiarch --disable-werror --with-arch-32=i686 --with-abi=m64 --with-multilib-list=m32,m64,mx32 --enable-multilib --with-tune=generic --enable-offload-targets=nvptx-none --without-cuda-driver --enable-checking=release --build=x86_64-linux-gnu --host=x86_64-linux-gnu --target=x86_64-linux-gnu
Thread model: posix
gcc version 7.5.0 (Ubuntu 7.5.0-3ubuntu1~16.04) 
configure:3831: $? = 0
configure:3820: gcc -V >&5
gcc: error: unrecognized command line option '-V'
gcc: fatal error: no input files
compilation terminated.
configure:3831: $? = 1
configure:3820: gcc -qversion >&5
gcc: error: unrecognized command line option '-qversion'; did you mean '--version'?
gcc: fatal error: no input files
compilation terminated.
configure:3831: $? = 1
configure:3851: checking whether the C compiler works
configure:3873: gcc    conftest.c  >&5
configure:3877: $? = 0
configure:3925: result: yes
configure:3928: checking for C compiler default output file name
configure:3930: result: a.out
configure:3936: checking for suffix of executables
configure:3943: gcc -o conftest    conftest.c  >&5
configure:3947: $? = 0
configure:3969: result: 
configure:3991: checking whether we are cross compiling
configure:3999: gcc -o conftest    conftest.c  >&5
configure:4003: $? = 0
configure:4010: ./conftest
configure:4014: $? = 0
configure:4029: result: no
configure:4034: checking for suffix of object files
configure:4056: gcc -c   conftest.c >&5
configure:4060: $? = 0
configure:4081: result: o
configure:4085: checking whether we are using the GNU C compiler
configure:4104: gcc -c   conftest.c >&5
configure:4104: $? = 0
configure:4113: result: yes
configure:4122: checking whether gcc accepts -g
configure:4142: gcc -c -g  conftest.c >&5
configure:4142: $? = 0
configure:4183: result: yes
configure:4200: checking for gcc option to accept ISO C89
configure:4263: gcc  -c -g -O2  conftest.c >&5
configure:4263: $? = 0
configure:4276: result: none needed
configure:4301: checking whether gcc understands -c and -o together
configure:4323: gcc -c conftest.c -o conftest2.o
configure:4326: $? = 0
configure:4323: gcc -c conftest.c -o conftest2.o
configure:4326: $? = 0
configure:4338: result: yes
configure:4366: checking for style of include used by make
configure:4394: result: GNU
configure:4420: checking dependency style of gcc
configure:4531: result: gcc3
configure:4604: checking for g++
configure:4620: found /usr/bin/g++
configure:4631: result: g++
configure:4658: checking for C++ compiler version
configure:4667: g++ --version >&5
g++ (Ubuntu 7.5.0-3ubuntu1~16.04) 7.5.0
Copyright (C) 2017 Free Software Foundation, Inc.
This is free software; see the source for copying conditions.  There is NO
warranty; not even for MERCHANTABILITY or FITNESS FOR A PARTICULAR PURPOSE.

configure:4678: $? = 0
configure:4667: g++ -v >&5
Using built-in specs.
COLLECT_GCC=g++
COLLECT_LTO_WRAPPER=/usr/lib/gcc/x86_64-linux-gnu/7/lto-wrapper
OFFLOAD_TARGET_NAMES=nvptx-none
OFFLOAD_TARGET_DEFAULT=1
Target: x86_64-linux-gnu
Configured with: ../src/configure -v --with-pkgversion='Ubuntu 7.5.0-3ubuntu1~16.04' --with-bugurl=file:///usr/share/doc/gcc-7/README.Bugs --enable-languages=c,ada,c++,go,brig,d,fortran,objc,obj-c++ --prefix=/usr --with-gcc-major-version-only --program-suffix=-7 --program-prefix=x86_64-linux-gnu- --enable-shared --enable-linker-build-id --libexecdir=/usr/lib --without-included-gettext --enable-threads=posix --libdir=/usr/lib --enable-nls --enable-bootstrap --enable-clocale=gnu --enable-libstdcxx-debug --enable-libstdcxx-time=yes --with-default-libstdcxx-abi=new --enable-gnu-unique-object --disable-vtable-verify --enable-libmpx --enable-plugin --with-system-zlib --with-target-system-zlib --enable-objc-gc=auto --enable-multiarch --disable-werror --with-arch-32=i686 --with-abi=m64 --with-multilib-list=m32,m64,mx32 --enable-multilib --with-tune=generic --enable-offload-targets=nvptx-none --without-cuda-driver --enable-checking=release --build=x86_64-linux-gnu --host=x86_64-linux-gnu --target=x86_64-linux-gnu
Thread model: posix
gcc version 7.5.0 (Ubuntu 7.5.0-3ubuntu1~16.04) 
configure:4678: $? = 0
configure:4667: g++ -V >&5
g++: error: unrecognized command line option '-V'
g++: fatal error: no input files
compilation terminated.
configure:4678: $? = 1
configure:4667: g++ -qversion >&5
g++: error: unrecognized command line option '-qversion'; did you mean '--version'?
g++: fatal error: no input files
compilation terminated.
configure:4678: $? = 1
configure:4682: checking whether we are using the GNU C++ compiler
configure:4701: g++ -c   conftest.cpp >&5
configure:4701: $? = 0
configure:4710: result: yes
configure:4719: checking whether g++ accepts -g
configure:4739: g++ -c -g  conftest.cpp >&5
configure:4739: $? = 0
configure:4780: result: yes
configure:4805: checking dependency style of g++
configure:4916: result: gcc3
configure:4934: checking for C compiler vendor
configure:4958: gcc -c -g -O2  conftest.c >&5
conftest.c: In function 'main':
conftest.c:17:7: error: 'thisisanerror' undeclared (first use in this function)
       thisisanerror;
       ^~~~~~~~~~~~~
conftest.c:17:7: note: each undeclared identifier is reported only once for each function it appears in
configure:4958: $? = 1
configure: failed program was:
| /* confdefs.h */
| #define PACKAGE_NAME "isl"
| #define PACKAGE_TARNAME "isl"
| #define PACKAGE_VERSION "0.22"
| #define PACKAGE_STRING "isl 0.22"
| #define PACKAGE_BUGREPORT "isl-development@googlegroups.com"
| #define PACKAGE_URL ""
| #define PACKAGE "isl"
| #define VERSION "0.22"
| /* end confdefs.h.  */
| 
| int
| main ()
| {
| 
| #if !(defined(__ICC) || defined(__ECC) || defined(__INTEL_COMPILER))
|       thisisanerror;
| #endif
| 
|   ;
|   return 0;
| }
configure:4958: gcc -c -g -O2  conftest.c >&5
conftest.c: In function 'main':
conftest.c:17:7: error: 'thisisanerror' undeclared (first use in this function)
       thisisanerror;
       ^~~~~~~~~~~~~
conftest.c:17:7: note: each undeclared identifier is reported only once for each function it appears in
configure:4958: $? = 1
configure: failed program was:
| /* confdefs.h */
| #define PACKAGE_NAME "isl"
| #define PACKAGE_TARNAME "isl"
| #define PACKAGE_VERSION "0.22"
| #define PACKAGE_STRING "isl 0.22"
| #define PACKAGE_BUGREPORT "isl-development@googlegroups.com"
| #define PACKAGE_URL ""
| #define PACKAGE "isl"
| #define VERSION "0.22"
| /* end confdefs.h.  */
| 
| int
| main ()
| {
| 
| #if !(defined(__xlc__) || defined(__xlC__) || defined(__IBMC__) || defined(__IBMCPP__))
|       thisisanerror;
| #endif
| 
|   ;
|   return 0;
| }
configure:4958: gcc -c -g -O2  conftest.c >&5
conftest.c: In function 'main':
conftest.c:17:7: error: 'thisisanerror' undeclared (first use in this function)
       thisisanerror;
       ^~~~~~~~~~~~~
conftest.c:17:7: note: each undeclared identifier is reported only once for each function it appears in
configure:4958: $? = 1
configure: failed program was:
| /* confdefs.h */
| #define PACKAGE_NAME "isl"
| #define PACKAGE_TARNAME "isl"
| #define PACKAGE_VERSION "0.22"
| #define PACKAGE_STRING "isl 0.22"
| #define PACKAGE_BUGREPORT "isl-development@googlegroups.com"
| #define PACKAGE_URL ""
| #define PACKAGE "isl"
| #define VERSION "0.22"
| /* end confdefs.h.  */
| 
| int
| main ()
| {
| 
| #if !(defined(__PATHCC__) || defined(__PATHSCALE__))
|       thisisanerror;
| #endif
| 
|   ;
|   return 0;
| }
configure:4958: gcc -c -g -O2  conftest.c >&5
conftest.c: In function 'main':
conftest.c:17:7: error: 'thisisanerror' undeclared (first use in this function)
       thisisanerror;
       ^~~~~~~~~~~~~
conftest.c:17:7: note: each undeclared identifier is reported only once for each function it appears in
configure:4958: $? = 1
configure: failed program was:
| /* confdefs.h */
| #define PACKAGE_NAME "isl"
| #define PACKAGE_TARNAME "isl"
| #define PACKAGE_VERSION "0.22"
| #define PACKAGE_STRING "isl 0.22"
| #define PACKAGE_BUGREPORT "isl-development@googlegroups.com"
| #define PACKAGE_URL ""
| #define PACKAGE "isl"
| #define VERSION "0.22"
| /* end confdefs.h.  */
| 
| int
| main ()
| {
| 
| #if !(defined(__clang__))
|       thisisanerror;
| #endif
| 
|   ;
|   return 0;
| }
configure:4958: gcc -c -g -O2  conftest.c >&5
configure:4958: $? = 0
configure:4965: result: gnu
configure:4972: checking build system type
configure:4986: result: x86_64-pc-linux-gnu
configure:5006: checking host system type
configure:5019: result: x86_64-pc-linux-gnu
configure:5295: checking whether C compiler accepts -malign-double
configure:5314: gcc -c -malign-double  conftest.c >&5
configure:5314: $? = 0
configure:5324: result: yes
configure:5334: checking whether C compiler accepts -fstrict-aliasing
configure:5353: gcc -c -fstrict-aliasing  conftest.c >&5
configure:5353: $? = 0
configure:5363: result: yes
configure:5373: checking whether C compiler accepts -ffast-math
configure:5392: gcc -c -ffast-math  conftest.c >&5
configure:5392: $? = 0
configure:5402: result: yes
configure:5423: checking for gcc architecture flag
configure:5425: result: 
configure:5447: checking for x86 cpuid 0 output
configure:5476: gcc -o conftest -O3 -fomit-frame-pointer -malign-double -fstrict-aliasing -ffast-math   conftest.c  >&5
configure:5476: $? = 0
configure:5476: ./conftest
configure:5476: $? = 0
configure:5486: result: 14:756e6547:6c65746e:49656e69
configure:5502: checking for x86 cpuid 1 output
configure:5531: gcc -o conftest -O3 -fomit-frame-pointer -malign-double -fstrict-aliasing -ffast-math   conftest.c  >&5
configure:5531: $? = 0
configure:5531: ./conftest
configure:5531: $? = 0
configure:5541: result: 406f1:7100800:7ffefbff:bfebfbff
configure:5755: checking whether C compiler accepts -march=pentiumpro
configure:5770: gcc -c -march=pentiumpro  conftest.c >&5
cc1: error: CPU you selected does not support x86-64 instruction set
configure:5770: $? = 1
configure: failed program was:
| /* confdefs.h */
| #define PACKAGE_NAME "isl"
| #define PACKAGE_TARNAME "isl"
| #define PACKAGE_VERSION "0.22"
| #define PACKAGE_STRING "isl 0.22"
| #define PACKAGE_BUGREPORT "isl-development@googlegroups.com"
| #define PACKAGE_URL ""
| #define PACKAGE "isl"
| #define VERSION "0.22"
| /* end confdefs.h.  */
| 
| int
| main ()
| {
| 
|   ;
|   return 0;
| }
configure:5778: result: no
configure:5755: checking whether C compiler accepts -mcpu=pentiumpro
configure:5770: gcc -c -mcpu=pentiumpro  conftest.c >&5
gcc: warning: '-mcpu=' is deprecated; use '-mtune=' or '-march=' instead
cc1: error: CPU you selected does not support x86-64 instruction set
configure:5770: $? = 1
configure: failed program was:
| /* confdefs.h */
| #define PACKAGE_NAME "isl"
| #define PACKAGE_TARNAME "isl"
| #define PACKAGE_VERSION "0.22"
| #define PACKAGE_STRING "isl 0.22"
| #define PACKAGE_BUGREPORT "isl-development@googlegroups.com"
| #define PACKAGE_URL ""
| #define PACKAGE "isl"
| #define VERSION "0.22"
| /* end confdefs.h.  */
| 
| int
| main ()
| {
| 
|   ;
|   return 0;
| }
configure:5778: result: no
configure:5755: checking whether C compiler accepts -mpentiumpro
configure:5770: gcc -c -mpentiumpro  conftest.c >&5
gcc: error: unrecognized command line option '-mpentiumpro'
configure:5770: $? = 1
configure: failed program was:
| /* confdefs.h */
| #define PACKAGE_NAME "isl"
| #define PACKAGE_TARNAME "isl"
| #define PACKAGE_VERSION "0.22"
| #define PACKAGE_STRING "isl 0.22"
| #define PACKAGE_BUGREPORT "isl-development@googlegroups.com"
| #define PACKAGE_URL ""
| #define PACKAGE "isl"
| #define VERSION "0.22"
| /* end confdefs.h.  */
| 
| int
| main ()
| {
| 
|   ;
|   return 0;
| }
configure:5778: result: no
configure:5795: checking for gcc architecture flag
configure:5797: result: unknown
configure:5829: checking whether C compiler accepts -O3 -fomit-frame-pointer -malign-double -fstrict-aliasing -ffast-math
configure:5844: gcc -c -O3 -fomit-frame-pointer -malign-double -fstrict-aliasing -ffast-math  conftest.c >&5
configure:5844: $? = 0
configure:5852: result: yes
configure:5872: checking whether the compiler supports function __attribute__((__warn_unused_result__))
configure:5890: gcc -c -O3 -fomit-frame-pointer -malign-double -fstrict-aliasing -ffast-math  conftest.c >&5
configure:5890: $? = 0
configure:5897: result: yes
configure:5906: checking for __attribute__
configure:5928: gcc -c -O3 -fomit-frame-pointer -malign-double -fstrict-aliasing -ffast-math  conftest.c >&5
configure:5928: $? = 0
configure:5937: result: yes
configure:5954: checking whether g++ supports C++11 features by default
configure:6248: g++ -c -g -O2  conftest.cpp >&5
configure:6248: $? = 0
configure:6255: result: yes
configure:6613: checking for grep that handles long lines and -e
configure:6671: result: /bin/grep
configure:6722: checking how to print strings
configure:6749: result: printf
configure:6770: checking for a sed that does not truncate output
configure:6834: result: /bin/sed
configure:6852: checking for egrep
configure:6914: result: /bin/grep -E
configure:6919: checking for fgrep
configure:6981: result: /bin/grep -F
configure:7016: checking for ld used by gcc
configure:7083: result: /usr/bin/ld
configure:7090: checking if the linker (/usr/bin/ld) is GNU ld
configure:7105: result: yes
configure:7117: checking for BSD- or MS-compatible name lister (nm)
configure:7171: result: /usr/bin/nm -B
configure:7301: checking the name lister (/usr/bin/nm -B) interface
configure:7308: gcc -c -O3 -fomit-frame-pointer -malign-double -fstrict-aliasing -ffast-math  conftest.c >&5
configure:7311: /usr/bin/nm -B "conftest.o"
configure:7314: output
0000000000000000 B some_variable
configure:7321: result: BSD nm
configure:7324: checking whether ln -s works
configure:7328: result: yes
configure:7336: checking the maximum length of command line arguments
configure:7467: result: 1572864
configure:7515: checking how to convert x86_64-pc-linux-gnu file names to x86_64-pc-linux-gnu format
configure:7555: result: func_convert_file_noop
configure:7562: checking how to convert x86_64-pc-linux-gnu file names to toolchain format
configure:7582: result: func_convert_file_noop
configure:7589: checking for /usr/bin/ld option to reload object files
configure:7596: result: -r
configure:7670: checking for objdump
configure:7686: found /usr/bin/objdump
configure:7697: result: objdump
configure:7729: checking how to recognize dependent libraries
configure:7929: result: pass_all
configure:8014: checking for dlltool
configure:8044: result: no
configure:8074: checking how to associate runtime and link libraries
configure:8101: result: printf %s\n
configure:8161: checking for ar
configure:8177: found /usr/bin/ar
configure:8188: result: ar
configure:8225: checking for archiver @FILE support
configure:8242: gcc -c -O3 -fomit-frame-pointer -malign-double -fstrict-aliasing -ffast-math  conftest.c >&5
configure:8242: $? = 0
configure:8245: ar cru libconftest.a @conftest.lst >&5
ar: `u' modifier ignored since `D' is the default (see `U')
configure:8248: $? = 0
configure:8253: ar cru libconftest.a @conftest.lst >&5
ar: `u' modifier ignored since `D' is the default (see `U')
ar: conftest.o: No such file or directory
configure:8256: $? = 1
configure:8268: result: @
configure:8326: checking for strip
configure:8342: found /usr/bin/strip
configure:8353: result: strip
configure:8425: checking for ranlib
configure:8441: found /usr/bin/ranlib
configure:8452: result: ranlib
configure:8554: checking command to parse /usr/bin/nm -B output from gcc object
configure:8707: gcc -c -O3 -fomit-frame-pointer -malign-double -fstrict-aliasing -ffast-math  conftest.c >&5
configure:8710: $? = 0
configure:8714: /usr/bin/nm -B conftest.o \| sed -n -e 's/^.*[ ]\([ABCDGIRSTW][ABCDGIRSTW]*\)[ ][ ]*\([_A-Za-z][_A-Za-z0-9]*\)$/\1 \2 \2/p' | sed '/ __gnu_lto/d' \> conftest.nm
configure:8717: $? = 0
configure:8783: gcc -o conftest -O3 -fomit-frame-pointer -malign-double -fstrict-aliasing -ffast-math   conftest.c conftstm.o >&5
configure:8786: $? = 0
configure:8824: result: ok
configure:8871: checking for sysroot
configure:8901: result: no
configure:8908: checking for a working dd
configure:8946: result: /bin/dd
configure:8950: checking how to truncate binary pipes
configure:8965: result: /bin/dd bs=4096 count=1
configure:9101: gcc -c -O3 -fomit-frame-pointer -malign-double -fstrict-aliasing -ffast-math  conftest.c >&5
configure:9104: $? = 0
configure:9294: checking for mt
configure:9310: found /bin/mt
configure:9321: result: mt
configure:9344: checking if mt is a manifest tool
configure:9350: mt '-?'
configure:9358: result: no
configure:10035: checking how to run the C preprocessor
configure:10066: gcc -E  conftest.c
configure:10066: $? = 0
configure:10080: gcc -E  conftest.c
conftest.c:14:10: fatal error: ac_nonexistent.h: No such file or directory
 #include <ac_nonexistent.h>
          ^~~~~~~~~~~~~~~~~~
compilation terminated.
configure:10080: $? = 1
configure: failed program was:
| /* confdefs.h */
| #define PACKAGE_NAME "isl"
| #define PACKAGE_TARNAME "isl"
| #define PACKAGE_VERSION "0.22"
| #define PACKAGE_STRING "isl 0.22"
| #define PACKAGE_BUGREPORT "isl-development@googlegroups.com"
| #define PACKAGE_URL ""
| #define PACKAGE "isl"
| #define VERSION "0.22"
| #define GCC_WARN_UNUSED_RESULT __attribute__((__warn_unused_result__))
| #define HAVE___ATTRIBUTE__ 1
| #define HAVE_CXX11 1
| /* end confdefs.h.  */
| #include <ac_nonexistent.h>
configure:10105: result: gcc -E
configure:10125: gcc -E  conftest.c
configure:10125: $? = 0
configure:10139: gcc -E  conftest.c
conftest.c:14:10: fatal error: ac_nonexistent.h: No such file or directory
 #include <ac_nonexistent.h>
          ^~~~~~~~~~~~~~~~~~
compilation terminated.
configure:10139: $? = 1
configure: failed program was:
| /* confdefs.h */
| #define PACKAGE_NAME "isl"
| #define PACKAGE_TARNAME "isl"
| #define PACKAGE_VERSION "0.22"
| #define PACKAGE_STRING "isl 0.22"
| #define PACKAGE_BUGREPORT "isl-development@googlegroups.com"
| #define PACKAGE_URL ""
| #define PACKAGE "isl"
| #define VERSION "0.22"
| #define GCC_WARN_UNUSED_RESULT __attribute__((__warn_unused_result__))
| #define HAVE___ATTRIBUTE__ 1
| #define HAVE_CXX11 1
| /* end confdefs.h.  */
| #include <ac_nonexistent.h>
configure:10168: checking for ANSI C header files
configure:10188: gcc -c -O3 -fomit-frame-pointer -malign-double -fstrict-aliasing -ffast-math  conftest.c >&5
configure:10188: $? = 0
configure:10261: gcc -o conftest -O3 -fomit-frame-pointer -malign-double -fstrict-aliasing -ffast-math   conftest.c  >&5
configure:10261: $? = 0
configure:10261: ./conftest
configure:10261: $? = 0
configure:10272: result: yes
configure:10285: checking for sys/types.h
configure:10285: gcc -c -O3 -fomit-frame-pointer -malign-double -fstrict-aliasing -ffast-math  conftest.c >&5
configure:10285: $? = 0
configure:10285: result: yes
configure:10285: checking for sys/stat.h
configure:10285: gcc -c -O3 -fomit-frame-pointer -malign-double -fstrict-aliasing -ffast-math  conftest.c >&5
configure:10285: $? = 0
configure:10285: result: yes
configure:10285: checking for stdlib.h
configure:10285: gcc -c -O3 -fomit-frame-pointer -malign-double -fstrict-aliasing -ffast-math  conftest.c >&5
configure:10285: $? = 0
configure:10285: result: yes
configure:10285: checking for string.h
configure:10285: gcc -c -O3 -fomit-frame-pointer -malign-double -fstrict-aliasing -ffast-math  conftest.c >&5
configure:10285: $? = 0
configure:10285: result: yes
configure:10285: checking for memory.h
configure:10285: gcc -c -O3 -fomit-frame-pointer -malign-double -fstrict-aliasing -ffast-math  conftest.c >&5
configure:10285: $? = 0
configure:10285: result: yes
configure:10285: checking for strings.h
configure:10285: gcc -c -O3 -fomit-frame-pointer -malign-double -fstrict-aliasing -ffast-math  conftest.c >&5
configure:10285: $? = 0
configure:10285: result: yes
configure:10285: checking for inttypes.h
configure:10285: gcc -c -O3 -fomit-frame-pointer -malign-double -fstrict-aliasing -ffast-math  conftest.c >&5
configure:10285: $? = 0
configure:10285: result: yes
configure:10285: checking for stdint.h
configure:10285: gcc -c -O3 -fomit-frame-pointer -malign-double -fstrict-aliasing -ffast-math  conftest.c >&5
configure:10285: $? = 0
configure:10285: result: yes
configure:10285: checking for unistd.h
configure:10285: gcc -c -O3 -fomit-frame-pointer -malign-double -fstrict-aliasing -ffast-math  conftest.c >&5
configure:10285: $? = 0
configure:10285: result: yes
configure:10299: checking for dlfcn.h
configure:10299: gcc -c -O3 -fomit-frame-pointer -malign-double -fstrict-aliasing -ffast-math  conftest.c >&5
configure:10299: $? = 0
configure:10299: result: yes
configure:10565: checking for objdir
configure:10580: result: .libs
configure:10844: checking if gcc supports -fno-rtti -fno-exceptions
configure:10862: gcc -c -O3 -fomit-frame-pointer -malign-double -fstrict-aliasing -ffast-math  -fno-rtti -fno-exceptions conftest.c >&5
cc1: warning: command line option '-fno-rtti' is valid for C++/ObjC++ but not for C
configure:10866: $? = 0
configure:10879: result: no
configure:11237: checking for gcc option to produce PIC
configure:11244: result: -fPIC -DPIC
configure:11252: checking if gcc PIC flag -fPIC -DPIC works
configure:11270: gcc -c -O3 -fomit-frame-pointer -malign-double -fstrict-aliasing -ffast-math  -fPIC -DPIC -DPIC conftest.c >&5
configure:11274: $? = 0
configure:11287: result: yes
configure:11316: checking if gcc static flag -static works
configure:11344: result: yes
configure:11359: checking if gcc supports -c -o file.o
configure:11380: gcc -c -O3 -fomit-frame-pointer -malign-double -fstrict-aliasing -ffast-math  -o out/conftest2.o conftest.c >&5
configure:11384: $? = 0
configure:11406: result: yes
configure:11414: checking if gcc supports -c -o file.o
configure:11461: result: yes
configure:11494: checking whether the gcc linker (/usr/bin/ld -m elf_x86_64) supports shared libraries
configure:12753: result: yes
configure:12790: checking whether -lc should be explicitly linked in
configure:12798: gcc -c -O3 -fomit-frame-pointer -malign-double -fstrict-aliasing -ffast-math  conftest.c >&5
configure:12801: $? = 0
configure:12816: gcc -shared  -fPIC -DPIC conftest.o  -v -Wl,-soname -Wl,conftest -o conftest 2\>\&1 \| /bin/grep  -lc  \>/dev/null 2\>\&1
configure:12819: $? = 0
configure:12833: result: no
configure:12993: checking dynamic linker characteristics
configure:13574: gcc -o conftest -O3 -fomit-frame-pointer -malign-double -fstrict-aliasing -ffast-math   -Wl,-rpath -Wl,/foo conftest.c  >&5
configure:13574: $? = 0
configure:13811: result: GNU/Linux ld.so
configure:13933: checking how to hardcode library paths into programs
configure:13958: result: immediate
configure:14506: checking whether stripping libraries is possible
configure:14511: result: yes
configure:14546: checking if libtool supports shared libraries
configure:14548: result: yes
configure:14551: checking whether to build shared libraries
configure:14576: result: yes
configure:14579: checking whether to build static libraries
configure:14583: result: yes
configure:14606: checking how to run the C++ preprocessor
configure:14633: g++ -E  conftest.cpp
configure:14633: $? = 0
configure:14647: g++ -E  conftest.cpp
conftest.cpp:26:10: fatal error: ac_nonexistent.h: No such file or directory
 #include <ac_nonexistent.h>
          ^~~~~~~~~~~~~~~~~~
compilation terminated.
configure:14647: $? = 1
configure: failed program was:
| /* confdefs.h */
| #define PACKAGE_NAME "isl"
| #define PACKAGE_TARNAME "isl"
| #define PACKAGE_VERSION "0.22"
| #define PACKAGE_STRING "isl 0.22"
| #define PACKAGE_BUGREPORT "isl-development@googlegroups.com"
| #define PACKAGE_URL ""
| #define PACKAGE "isl"
| #define VERSION "0.22"
| #define GCC_WARN_UNUSED_RESULT __attribute__((__warn_unused_result__))
| #define HAVE___ATTRIBUTE__ 1
| #define HAVE_CXX11 1
| #define STDC_HEADERS 1
| #define HAVE_SYS_TYPES_H 1
| #define HAVE_SYS_STAT_H 1
| #define HAVE_STDLIB_H 1
| #define HAVE_STRING_H 1
| #define HAVE_MEMORY_H 1
| #define HAVE_STRINGS_H 1
| #define HAVE_INTTYPES_H 1
| #define HAVE_STDINT_H 1
| #define HAVE_UNISTD_H 1
| #define HAVE_DLFCN_H 1
| #define LT_OBJDIR ".libs/"
| /* end confdefs.h.  */
| #include <ac_nonexistent.h>
configure:14672: result: g++ -E
configure:14692: g++ -E  conftest.cpp
configure:14692: $? = 0
configure:14706: g++ -E  conftest.cpp
conftest.cpp:26:10: fatal error: ac_nonexistent.h: No such file or directory
 #include <ac_nonexistent.h>
          ^~~~~~~~~~~~~~~~~~
compilation terminated.
configure:14706: $? = 1
configure: failed program was:
| /* confdefs.h */
| #define PACKAGE_NAME "isl"
| #define PACKAGE_TARNAME "isl"
| #define PACKAGE_VERSION "0.22"
| #define PACKAGE_STRING "isl 0.22"
| #define PACKAGE_BUGREPORT "isl-development@googlegroups.com"
| #define PACKAGE_URL ""
| #define PACKAGE "isl"
| #define VERSION "0.22"
| #define GCC_WARN_UNUSED_RESULT __attribute__((__warn_unused_result__))
| #define HAVE___ATTRIBUTE__ 1
| #define HAVE_CXX11 1
| #define STDC_HEADERS 1
| #define HAVE_SYS_TYPES_H 1
| #define HAVE_SYS_STAT_H 1
| #define HAVE_STDLIB_H 1
| #define HAVE_STRING_H 1
| #define HAVE_MEMORY_H 1
| #define HAVE_STRINGS_H 1
| #define HAVE_INTTYPES_H 1
| #define HAVE_STDINT_H 1
| #define HAVE_UNISTD_H 1
| #define HAVE_DLFCN_H 1
| #define LT_OBJDIR ".libs/"
| /* end confdefs.h.  */
| #include <ac_nonexistent.h>
configure:14868: checking for ld used by g++
configure:14935: result: /usr/bin/ld -m elf_x86_64
configure:14942: checking if the linker (/usr/bin/ld -m elf_x86_64) is GNU ld
configure:14957: result: yes
configure:15012: checking whether the g++ linker (/usr/bin/ld -m elf_x86_64) supports shared libraries
configure:16085: result: yes
configure:16121: g++ -c -g -O2  conftest.cpp >&5
configure:16124: $? = 0
configure:16605: checking for g++ option to produce PIC
configure:16612: result: -fPIC -DPIC
configure:16620: checking if g++ PIC flag -fPIC -DPIC works
configure:16638: g++ -c -g -O2  -fPIC -DPIC -DPIC conftest.cpp >&5
configure:16642: $? = 0
configure:16655: result: yes
configure:16678: checking if g++ static flag -static works
configure:16706: result: yes
configure:16718: checking if g++ supports -c -o file.o
configure:16739: g++ -c -g -O2  -o out/conftest2.o conftest.cpp >&5
configure:16743: $? = 0
configure:16765: result: yes
configure:16770: checking if g++ supports -c -o file.o
configure:16817: result: yes
configure:16847: checking whether the g++ linker (/usr/bin/ld -m elf_x86_64) supports shared libraries
configure:16887: result: yes
configure:17028: checking dynamic linker characteristics
configure:17773: result: GNU/Linux ld.so
configure:17838: checking how to hardcode library paths into programs
configure:17863: result: immediate
configure:17924: checking for a sed that does not truncate output
configure:17988: result: /bin/sed
configure:18028: checking for a Python interpreter with version >= 2.5
configure:18045: python -c import sys # split strings by '.' and convert to numeric. Append some zeros # because we need at least 4 digits for the hex conversion. # map returns an iterator in Python 3.0 and a list in 2.x minver = list(map(int, '2.5'.split('.'))) + [0, 0, 0] minverhex = 0 # xrange is not present in Python 3.0 and range returns an iterator for i in list(range(0, 4)): minverhex = (minverhex << 8) + minver[i] sys.exit(sys.hexversion < minverhex)
configure:18048: $? = 0
configure:18054: result: python
configure:18062: checking for python
configure:18080: found /home/omnisky/anaconda3/bin/python
configure:18092: result: /home/omnisky/anaconda3/bin/python
configure:18110: checking for python version
configure:18117: result: 3.8
configure:18129: checking for python platform
configure:18136: result: linux
configure:18162: checking for python script directory
configure:18197: result: ${prefix}/lib/python3.8/site-packages
configure:18206: checking for python extension module directory
configure:18241: result: ${exec_prefix}/lib/python3.8/site-packages
configure:18265: checking for cygpath
configure:18295: result: no
configure:18302: checking for perl
configure:18318: found /usr/bin/perl
configure:18329: result: perl
configure:18339: checking for pdflatex
configure:18369: result: no
configure:18376: checking for pod2html
configure:18392: found /usr/bin/pod2html
configure:18403: result: pod2html
configure:18429: checking for stdint types
configure:18452: gcc -c   conftest.c >&5
configure:18452: $? = 0
configure:18496: result: stdint.h (shortcircuit)
configure:18883: result: make use of stdint.h in include/isl/stdint.h (assuming C99 compatible system)
configure:18998: checking which gmp to use
configure:19000: result: system
configure:19018: checking gmp.h usability
configure:19018: gcc -c -O3 -fomit-frame-pointer -malign-double -fstrict-aliasing -ffast-math   conftest.c >&5
configure:19018: $? = 0
configure:19018: result: yes
configure:19018: checking gmp.h presence
configure:19018: gcc -E   conftest.c
configure:19018: $? = 0
configure:19018: result: yes
configure:19018: checking for gmp.h
configure:19018: result: yes
configure:19026: checking for main in -lgmp
configure:19045: gcc -o conftest -O3 -fomit-frame-pointer -malign-double -fstrict-aliasing -ffast-math     conftest.c -lgmp  -lgmp  >&5
configure:19045: $? = 0
configure:19054: result: yes
configure:19082: gcc -o conftest -O3 -fomit-frame-pointer -malign-double -fstrict-aliasing -ffast-math     conftest.c -lgmp -lgmp  >&5
configure:19082: $? = 0
configure:19105: checking whether mp_get_memory_functions is declared
configure:19105: gcc -c -O3 -fomit-frame-pointer -malign-double -fstrict-aliasing -ffast-math   conftest.c >&5
configure:19105: $? = 0
configure:19105: result: yes
configure:19223: checking whether ffs is declared
configure:19223: gcc -c -O3 -fomit-frame-pointer -malign-double -fstrict-aliasing -ffast-math  conftest.c >&5
configure:19223: $? = 0
configure:19223: result: yes
configure:19235: checking whether __builtin_ffs is declared
configure:19235: gcc -c -O3 -fomit-frame-pointer -malign-double -fstrict-aliasing -ffast-math  conftest.c >&5
configure:19235: $? = 0
configure:19235: result: yes
configure:19246: checking whether _BitScanForward is declared
configure:19246: gcc -c -O3 -fomit-frame-pointer -malign-double -fstrict-aliasing -ffast-math  conftest.c >&5
conftest.c:31:10: fatal error: intrin.h: No such file or directory
 #include <intrin.h>
          ^~~~~~~~~~
compilation terminated.
configure:19246: $? = 1
configure: failed program was:
| /* confdefs.h */
| #define PACKAGE_NAME "isl"
| #define PACKAGE_TARNAME "isl"
| #define PACKAGE_VERSION "0.22"
| #define PACKAGE_STRING "isl 0.22"
| #define PACKAGE_BUGREPORT "isl-development@googlegroups.com"
| #define PACKAGE_URL ""
| #define PACKAGE "isl"
| #define VERSION "0.22"
| #define GCC_WARN_UNUSED_RESULT __attribute__((__warn_unused_result__))
| #define HAVE___ATTRIBUTE__ 1
| #define HAVE_CXX11 1
| #define STDC_HEADERS 1
| #define HAVE_SYS_TYPES_H 1
| #define HAVE_SYS_STAT_H 1
| #define HAVE_STDLIB_H 1
| #define HAVE_STRING_H 1
| #define HAVE_MEMORY_H 1
| #define HAVE_STRINGS_H 1
| #define HAVE_INTTYPES_H 1
| #define HAVE_STDINT_H 1
| #define HAVE_UNISTD_H 1
| #define HAVE_DLFCN_H 1
| #define LT_OBJDIR ".libs/"
| #define USE_GMP_FOR_MP /**/
| #define HAVE_LIBGMP 1
| #define HAVE_DECL_MP_GET_MEMORY_FUNCTIONS 1
| #define HAVE_DECL_FFS 1
| #define HAVE_DECL___BUILTIN_FFS 1
| /* end confdefs.h.  */
| #include <intrin.h>
| 
| int
| main ()
| {
| #ifndef _BitScanForward
| #ifdef __cplusplus
|   (void) _BitScanForward;
| #else
|   (void) _BitScanForward;
| #endif
| #endif
| 
|   ;
|   return 0;
| }
configure:19246: result: no
configure:19263: checking whether strcasecmp is declared
configure:19263: gcc -c -O3 -fomit-frame-pointer -malign-double -fstrict-aliasing -ffast-math  conftest.c >&5
configure:19263: $? = 0
configure:19263: result: yes
configure:19274: checking whether strncasecmp is declared
configure:19274: gcc -c -O3 -fomit-frame-pointer -malign-double -fstrict-aliasing -ffast-math  conftest.c >&5
configure:19274: $? = 0
configure:19274: result: yes
configure:19286: checking whether _stricmp is declared
configure:19286: gcc -c -O3 -fomit-frame-pointer -malign-double -fstrict-aliasing -ffast-math  conftest.c >&5
conftest.c: In function 'main':
conftest.c:43:10: error: '_stricmp' undeclared (first use in this function); did you mean 'strncmp'?
   (void) _stricmp;
          ^~~~~~~~
          strncmp
conftest.c:43:10: note: each undeclared identifier is reported only once for each function it appears in
configure:19286: $? = 1
configure: failed program was:
| /* confdefs.h */
| #define PACKAGE_NAME "isl"
| #define PACKAGE_TARNAME "isl"
| #define PACKAGE_VERSION "0.22"
| #define PACKAGE_STRING "isl 0.22"
| #define PACKAGE_BUGREPORT "isl-development@googlegroups.com"
| #define PACKAGE_URL ""
| #define PACKAGE "isl"
| #define VERSION "0.22"
| #define GCC_WARN_UNUSED_RESULT __attribute__((__warn_unused_result__))
| #define HAVE___ATTRIBUTE__ 1
| #define HAVE_CXX11 1
| #define STDC_HEADERS 1
| #define HAVE_SYS_TYPES_H 1
| #define HAVE_SYS_STAT_H 1
| #define HAVE_STDLIB_H 1
| #define HAVE_STRING_H 1
| #define HAVE_MEMORY_H 1
| #define HAVE_STRINGS_H 1
| #define HAVE_INTTYPES_H 1
| #define HAVE_STDINT_H 1
| #define HAVE_UNISTD_H 1
| #define HAVE_DLFCN_H 1
| #define LT_OBJDIR ".libs/"
| #define USE_GMP_FOR_MP /**/
| #define HAVE_LIBGMP 1
| #define HAVE_DECL_MP_GET_MEMORY_FUNCTIONS 1
| #define HAVE_DECL_FFS 1
| #define HAVE_DECL___BUILTIN_FFS 1
| #define HAVE_DECL__BITSCANFORWARD 0
| #define HAVE_DECL_STRCASECMP 1
| #define HAVE_DECL_STRNCASECMP 1
| /* end confdefs.h.  */
| #include <string.h>
| 
| int
| main ()
| {
| #ifndef _stricmp
| #ifdef __cplusplus
|   (void) _stricmp;
| #else
|   (void) _stricmp;
| #endif
| #endif
| 
|   ;
|   return 0;
| }
configure:19286: result: no
configure:19297: checking whether _strnicmp is declared
configure:19297: gcc -c -O3 -fomit-frame-pointer -malign-double -fstrict-aliasing -ffast-math  conftest.c >&5
conftest.c: In function 'main':
conftest.c:44:10: error: '_strnicmp' undeclared (first use in this function); did you mean 'strncmp'?
   (void) _strnicmp;
          ^~~~~~~~~
          strncmp
conftest.c:44:10: note: each undeclared identifier is reported only once for each function it appears in
configure:19297: $? = 1
configure: failed program was:
| /* confdefs.h */
| #define PACKAGE_NAME "isl"
| #define PACKAGE_TARNAME "isl"
| #define PACKAGE_VERSION "0.22"
| #define PACKAGE_STRING "isl 0.22"
| #define PACKAGE_BUGREPORT "isl-development@googlegroups.com"
| #define PACKAGE_URL ""
| #define PACKAGE "isl"
| #define VERSION "0.22"
| #define GCC_WARN_UNUSED_RESULT __attribute__((__warn_unused_result__))
| #define HAVE___ATTRIBUTE__ 1
| #define HAVE_CXX11 1
| #define STDC_HEADERS 1
| #define HAVE_SYS_TYPES_H 1
| #define HAVE_SYS_STAT_H 1
| #define HAVE_STDLIB_H 1
| #define HAVE_STRING_H 1
| #define HAVE_MEMORY_H 1
| #define HAVE_STRINGS_H 1
| #define HAVE_INTTYPES_H 1
| #define HAVE_STDINT_H 1
| #define HAVE_UNISTD_H 1
| #define HAVE_DLFCN_H 1
| #define LT_OBJDIR ".libs/"
| #define USE_GMP_FOR_MP /**/
| #define HAVE_LIBGMP 1
| #define HAVE_DECL_MP_GET_MEMORY_FUNCTIONS 1
| #define HAVE_DECL_FFS 1
| #define HAVE_DECL___BUILTIN_FFS 1
| #define HAVE_DECL__BITSCANFORWARD 0
| #define HAVE_DECL_STRCASECMP 1
| #define HAVE_DECL_STRNCASECMP 1
| #define HAVE_DECL__STRICMP 0
| /* end confdefs.h.  */
| #include <string.h>
| 
| int
| main ()
| {
| #ifndef _strnicmp
| #ifdef __cplusplus
|   (void) _strnicmp;
| #else
|   (void) _strnicmp;
| #endif
| #endif
| 
|   ;
|   return 0;
| }
configure:19297: result: no
configure:19317: checking whether snprintf is declared
configure:19317: gcc -c -O3 -fomit-frame-pointer -malign-double -fstrict-aliasing -ffast-math  conftest.c >&5
configure:19317: $? = 0
configure:19317: result: yes
configure:19328: checking whether _snprintf is declared
configure:19328: gcc -c -O3 -fomit-frame-pointer -malign-double -fstrict-aliasing -ffast-math  conftest.c >&5
conftest.c: In function 'main':
conftest.c:46:10: error: '_snprintf' undeclared (first use in this function); did you mean 'vsnprintf'?
   (void) _snprintf;
          ^~~~~~~~~
          vsnprintf
conftest.c:46:10: note: each undeclared identifier is reported only once for each function it appears in
configure:19328: $? = 1
configure: failed program was:
| /* confdefs.h */
| #define PACKAGE_NAME "isl"
| #define PACKAGE_TARNAME "isl"
| #define PACKAGE_VERSION "0.22"
| #define PACKAGE_STRING "isl 0.22"
| #define PACKAGE_BUGREPORT "isl-development@googlegroups.com"
| #define PACKAGE_URL ""
| #define PACKAGE "isl"
| #define VERSION "0.22"
| #define GCC_WARN_UNUSED_RESULT __attribute__((__warn_unused_result__))
| #define HAVE___ATTRIBUTE__ 1
| #define HAVE_CXX11 1
| #define STDC_HEADERS 1
| #define HAVE_SYS_TYPES_H 1
| #define HAVE_SYS_STAT_H 1
| #define HAVE_STDLIB_H 1
| #define HAVE_STRING_H 1
| #define HAVE_MEMORY_H 1
| #define HAVE_STRINGS_H 1
| #define HAVE_INTTYPES_H 1
| #define HAVE_STDINT_H 1
| #define HAVE_UNISTD_H 1
| #define HAVE_DLFCN_H 1
| #define LT_OBJDIR ".libs/"
| #define USE_GMP_FOR_MP /**/
| #define HAVE_LIBGMP 1
| #define HAVE_DECL_MP_GET_MEMORY_FUNCTIONS 1
| #define HAVE_DECL_FFS 1
| #define HAVE_DECL___BUILTIN_FFS 1
| #define HAVE_DECL__BITSCANFORWARD 0
| #define HAVE_DECL_STRCASECMP 1
| #define HAVE_DECL_STRNCASECMP 1
| #define HAVE_DECL__STRICMP 0
| #define HAVE_DECL__STRNICMP 0
| #define HAVE_DECL_SNPRINTF 1
| /* end confdefs.h.  */
| #include <stdio.h>
| 
| int
| main ()
| {
| #ifndef _snprintf
| #ifdef __cplusplus
|   (void) _snprintf;
| #else
|   (void) _snprintf;
| #endif
| #endif
| 
|   ;
|   return 0;
| }
configure:19328: result: no
configure:19422: checking which clang to use
configure:19424: result: no
configure:20163: checking for C compiler vendor
configure:20194: result: gnu
configure:20215: checking our pkgconfig libname
configure:20223: result: isl
configure:20226: checking our pkgconfig version
configure:20234: result: 0.22
configure:20237: checking our pkgconfig_libdir
configure:20244: result: ${libdir}/pkgconfig
configure:20247: result: expanded our pkgconfig_libdir... /usr/local/lib/pkgconfig
configure:20251: checking our pkgconfig_libfile
configure:20257: result: isl.pc
configure:20264: checking our package / suffix
configure:20268: result: isl / 
configure:20271: checking our pkgconfig description
configure:20278: result: isl Library
configure:20281: checking our pkgconfig requires
configure:20286: result: 
configure:20289: checking our pkgconfig ext libs
configure:20296: result: -lisl -lgmp
configure:20299: checking our pkgconfig cppflags
configure:20304: result: 
configure:20307: checking our pkgconfig ldflags
configure:20312: result: 
configure:20352: result: noninstalled pkgconfig -L /home/omnisky/fpga/AutoSA/src/isl/.libs
configure:20387: result: noninstalled pkgconfig -I /home/omnisky/fpga/AutoSA/src/isl/./include
configure:20561: checking that generated files are newer than configure
configure:20567: result: done
configure:20634: creating ./config.status

## ---------------------- ##
## Running config.status. ##
## ---------------------- ##

This file was extended by isl config.status 0.22, which was
generated by GNU Autoconf 2.69.  Invocation command line was

  CONFIG_FILES    = 
  CONFIG_HEADERS  = 
  CONFIG_LINKS    = 
  CONFIG_COMMANDS = 
  $ ./config.status 

on omnisky

config.status:1263: creating isl_srcdir.c
config.status:1263: creating Makefile
config.status:1263: creating doc/Makefile
config.status:1263: creating bound_test.sh
config.status:1263: creating codegen_test.sh
config.status:1263: creating pip_test.sh
config.status:1263: creating flow_test.sh
config.status:1263: creating schedule_test.sh
config.status:1263: creating isl_config.h
config.status:1444: isl_config.h is unchanged
config.status:1492: executing depfiles commands
config.status:1492: executing libtool commands
config.status:1492: executing include/isl/stdint.h commands
config.status:2303: creating include/isl/stdint.h : _ISL_INCLUDE_ISL_STDINT_H
config.status:2745: include/isl/stdint.h is unchanged
config.status:1492: executing isl.pc commands
config.status:2785: creating isl.pc.in
config.status:2808: creating isl.pc
config.status:2834: creating isl-uninstalled.pc
config.status:2864: creating isl-uninstalled.sh

## ---------------- ##
## Cache variables. ##
## ---------------- ##

ac_cv_build=x86_64-pc-linux-gnu
ac_cv_c_compiler_gnu=yes
ac_cv_cxx_compiler_gnu=yes
ac_cv_env_CCC_set=
ac_cv_env_CCC_value=
ac_cv_env_CC_set=
ac_cv_env_CC_value=
ac_cv_env_CFLAGS_set=
ac_cv_env_CFLAGS_value=
ac_cv_env_CPPFLAGS_set=
ac_cv_env_CPPFLAGS_value=
ac_cv_env_CPP_set=
ac_cv_env_CPP_value=
ac_cv_env_CXXCPP_set=
ac_cv_env_CXXCPP_value=
ac_cv_env_CXXFLAGS_set=
ac_cv_env_CXXFLAGS_value=
ac_cv_env_CXX_set=
ac_cv_env_CXX_value=
ac_cv_env_LDFLAGS_set=
ac_cv_env_LDFLAGS_value=
ac_cv_env_LIBS_set=
ac_cv_env_LIBS_value=
ac_cv_env_LT_SYS_LIBRARY_PATH_set=
ac_cv_env_LT_SYS_LIBRARY_PATH_value=
ac_cv_env_PYTHON_set=
ac_cv_env_PYTHON_value=
ac_cv_env_build_alias_set=
ac_cv_env_build_alias_value=
ac_cv_env_host_alias_set=
ac_cv_env_host_alias_value=
ac_cv_env_target_alias_set=
ac_cv_env_target_alias_value=
ac_cv_have_decl__BitScanForward=no
ac_cv_have_decl___builtin_ffs=yes
ac_cv_have_decl__snprintf=no
ac_cv_have_decl__stricmp=no
ac_cv_have_decl__strnicmp=no
ac_cv_have_decl_ffs=yes
ac_cv_have_decl_mp_get_memory_functions=yes
ac_cv_have_decl_snprintf=yes
ac_cv_have_decl_strcasecmp=yes
ac_cv_have_decl_strncasecmp=yes
ac_cv_header_dlfcn_h=yes
ac_cv_header_gmp_h=yes
ac_cv_header_inttypes_h=yes
ac_cv_header_memory_h=yes
ac_cv_header_stdc=yes
ac_cv_header_stdint=stdint.h
ac_cv_header_stdint_h=yes
ac_cv_header_stdint_t=stdint.h
ac_cv_header_stdlib_h=yes
ac_cv_header_string_h=yes
ac_cv_header_strings_h=yes
ac_cv_header_sys_stat_h=yes
ac_cv_header_sys_types_h=yes
ac_cv_header_unistd_h=yes
ac_cv_host=x86_64-pc-linux-gnu
ac_cv_lib_gmp_main=yes
ac_cv_objext=o
ac_cv_path_EGREP='/bin/grep -E'
ac_cv_path_FGREP='/bin/grep -F'
ac_cv_path_GREP=/bin/grep
ac_cv_path_PYTHON=/home/omnisky/anaconda3/bin/python
ac_cv_path_SED=/bin/sed
ac_cv_path_install='/usr/bin/install -c'
ac_cv_path_lt_DD=/bin/dd
ac_cv_path_mkdir=/bin/mkdir
ac_cv_prog_AWK=gawk
ac_cv_prog_CPP='gcc -E'
ac_cv_prog_CXXCPP='g++ -E'
ac_cv_prog_PERL=perl
ac_cv_prog_POD2HTML=pod2html
ac_cv_prog_ac_ct_AR=ar
ac_cv_prog_ac_ct_CC=gcc
ac_cv_prog_ac_ct_CXX=g++
ac_cv_prog_ac_ct_MANIFEST_TOOL=mt
ac_cv_prog_ac_ct_OBJDUMP=objdump
ac_cv_prog_ac_ct_RANLIB=ranlib
ac_cv_prog_ac_ct_STRIP=strip
ac_cv_prog_cc_c89=
ac_cv_prog_cc_g=yes
ac_cv_prog_cxx_g=yes
ac_cv_prog_make_make_set=yes
ac_cv_stdint_message='using gnu compiler gcc (Ubuntu 7.5.0-3ubuntu1~16.04) 7.5.0'
ac_cv_stdint_result='(assuming C99 compatible system)'
am_cv_CC_dependencies_compiler_type=gcc3
am_cv_CXX_dependencies_compiler_type=gcc3
am_cv_make_support_nested_variables=yes
am_cv_pathless_PYTHON=python
am_cv_prog_cc_c_o=yes
am_cv_python_platform=linux
am_cv_python_pyexecdir='${exec_prefix}/lib/python3.8/site-packages'
am_cv_python_pythondir='${prefix}/lib/python3.8/site-packages'
am_cv_python_version=3.8
ax_cv___attribute__=yes
ax_cv_c_compiler_vendor=gnu
ax_cv_c_flags__O3__fomit_frame_pointer__malign_double__fstrict_aliasing__ffast_math=yes
ax_cv_c_flags__ffast_math=yes
ax_cv_c_flags__fstrict_aliasing=yes
ax_cv_c_flags__malign_double=yes
ax_cv_c_flags__march_pentiumpro=no
ax_cv_c_flags__mcpu_pentiumpro=no
ax_cv_c_flags__mpentiumpro=no
ax_cv_cxx_compile_cxx11=yes
ax_cv_gcc_archflag=unknown
ax_cv_gcc_warn_unused_result=yes
ax_cv_gcc_x86_cpuid_0=14:756e6547:6c65746e:49656e69
ax_cv_gcc_x86_cpuid_1=406f1:7100800:7ffefbff:bfebfbff
lt_cv_ar_at_file=@
lt_cv_archive_cmds_need_lc=no
lt_cv_deplibs_check_method=pass_all
lt_cv_file_magic_cmd='$MAGIC_CMD'
lt_cv_file_magic_test_file=
lt_cv_ld_reload_flag=-r
lt_cv_nm_interface='BSD nm'
lt_cv_objdir=.libs
lt_cv_path_LD=/usr/bin/ld
lt_cv_path_LDCXX='/usr/bin/ld -m elf_x86_64'
lt_cv_path_NM='/usr/bin/nm -B'
lt_cv_path_mainfest_tool=no
lt_cv_prog_compiler_c_o=yes
lt_cv_prog_compiler_c_o_CXX=yes
lt_cv_prog_compiler_pic='-fPIC -DPIC'
lt_cv_prog_compiler_pic_CXX='-fPIC -DPIC'
lt_cv_prog_compiler_pic_works=yes
lt_cv_prog_compiler_pic_works_CXX=yes
lt_cv_prog_compiler_rtti_exceptions=no
lt_cv_prog_compiler_static_works=yes
lt_cv_prog_compiler_static_works_CXX=yes
lt_cv_prog_gnu_ld=yes
lt_cv_prog_gnu_ldcxx=yes
lt_cv_sharedlib_from_linklib_cmd='printf %s\n'
lt_cv_shlibpath_overrides_runpath=no
lt_cv_sys_global_symbol_pipe='sed -n -e '\''s/^.*[	 ]\([ABCDGIRSTW][ABCDGIRSTW]*\)[	 ][	 ]*\([_A-Za-z][_A-Za-z0-9]*\)$/\1 \2 \2/p'\'' | sed '\''/ __gnu_lto/d'\'''
lt_cv_sys_global_symbol_to_c_name_address='sed -n -e '\''s/^: \(.*\) .*$/  {"\1", (void *) 0},/p'\'' -e '\''s/^[ABCDGIRSTW][ABCDGIRSTW]* .* \(.*\)$/  {"\1", (void *) \&\1},/p'\'''
lt_cv_sys_global_symbol_to_c_name_address_lib_prefix='sed -n -e '\''s/^: \(.*\) .*$/  {"\1", (void *) 0},/p'\'' -e '\''s/^[ABCDGIRSTW][ABCDGIRSTW]* .* \(lib.*\)$/  {"\1", (void *) \&\1},/p'\'' -e '\''s/^[ABCDGIRSTW][ABCDGIRSTW]* .* \(.*\)$/  {"lib\1", (void *) \&\1},/p'\'''
lt_cv_sys_global_symbol_to_cdecl='sed -n -e '\''s/^T .* \(.*\)$/extern int \1();/p'\'' -e '\''s/^[ABCDGIRSTW][ABCDGIRSTW]* .* \(.*\)$/extern char \1;/p'\'''
lt_cv_sys_global_symbol_to_import=
lt_cv_sys_max_cmd_len=1572864
lt_cv_to_host_file_cmd=func_convert_file_noop
lt_cv_to_tool_file_cmd=func_convert_file_noop
lt_cv_truncate_bin='/bin/dd bs=4096 count=1'

## ----------------- ##
## Output variables. ##
## ----------------- ##

ACLOCAL='${SHELL} /home/omnisky/fpga/AutoSA/src/isl/missing aclocal-1.15'
AMDEPBACKSLASH='\'
AMDEP_FALSE='#'
AMDEP_TRUE=''
AMTAR='$${TAR-tar}'
AM_BACKSLASH='\'
AM_DEFAULT_V='$(AM_DEFAULT_VERBOSITY)'
AM_DEFAULT_VERBOSITY='0'
AM_V='$(V)'
AR='ar'
AUTOCONF='${SHELL} /home/omnisky/fpga/AutoSA/src/isl/missing autoconf'
AUTOHEADER='${SHELL} /home/omnisky/fpga/AutoSA/src/isl/missing autoheader'
AUTOMAKE='${SHELL} /home/omnisky/fpga/AutoSA/src/isl/missing automake-1.15'
AWK='gawk'
CC='gcc'
CCDEPMODE='depmode=gcc3'
CFLAGS='-O3 -fomit-frame-pointer -malign-double -fstrict-aliasing -ffast-math'
CLANG_CXXFLAGS=''
CLANG_LDFLAGS=''
CLANG_LIBS=''
CLANG_RFLAG=''
CPP='gcc -E'
CPPFLAGS=''
CXX='g++'
CXXCPP='g++ -E'
CXXDEPMODE='depmode=gcc3'
CXXFLAGS='-g -O2'
CYGPATH=''
CYGPATH_W='echo'
DEFS='-DHAVE_CONFIG_H'
DEPDIR='.deps'
DLLTOOL='false'
DSYMUTIL=''
DUMPBIN=''
ECHO_C=''
ECHO_N='-n'
ECHO_T=''
EGREP='/bin/grep -E'
EXEEXT=''
FGREP='/bin/grep -F'
GENERATE_DOC_FALSE=''
GENERATE_DOC_TRUE='#'
GIT_HEAD='/media/omnisky/3754e7fd-b1ed-4d99-82d3-1c324ad764b9/home/omnisky/FPGA_group/AutoSA/.git/modules/src/isl/index'
GIT_HEAD_ID='isl-0.22'
GIT_HEAD_VERSION='`GIT_DIR=/media/omnisky/3754e7fd-b1ed-4d99-82d3-1c324ad764b9/home/omnisky/FPGA_group/AutoSA/.git/modules/src/isl git describe --always`'
GMP_FOR_MP_FALSE='#'
GMP_FOR_MP_TRUE=''
GREP='/bin/grep'
HAVE_CLANG_FALSE=''
HAVE_CLANG_TRUE='#'
HAVE_CPP_ISL_H_FALSE=''
HAVE_CPP_ISL_H_TRUE='#'
HAVE_CXX11='1'
HAVE_CXX11_FALSE='#'
HAVE_CXX11_TRUE=''
HAVE_PYTHON_FALSE='#'
HAVE_PYTHON_TRUE=''
IMATH_FOR_MP_FALSE=''
IMATH_FOR_MP_TRUE='#'
INSTALL_DATA='${INSTALL} -m 644'
INSTALL_PROGRAM='${INSTALL}'
INSTALL_SCRIPT='${INSTALL}'
INSTALL_STRIP_PROGRAM='$(install_sh) -c -s'
LD='/usr/bin/ld -m elf_x86_64'
LDFLAGS=''
LIBOBJS=''
LIBS=''
LIBTOOL='$(SHELL) $(top_builddir)/libtool'
LIB_CLANG_EDIT=''
LIPO=''
LN_S='ln -s'
LTLIBOBJS=''
LT_SYS_LIBRARY_PATH=''
MAKEINFO='${SHELL} /home/omnisky/fpga/AutoSA/src/isl/missing makeinfo'
MANIFEST_TOOL=':'
MKDIR_P='/bin/mkdir -p'
MP_CFLAGS=''
MP_CPPFLAGS=''
MP_LDFLAGS=''
MP_LIBS='-lgmp'
NEED_GET_MEMORY_FUNCTIONS_FALSE=''
NEED_GET_MEMORY_FUNCTIONS_TRUE='#'
NM='/usr/bin/nm -B'
NMEDIT=''
OBJDUMP='objdump'
OBJEXT='o'
OS_SRCDIR='.'
OTOOL64=''
OTOOL=''
PACKAGE='isl'
PACKAGE_BUGREPORT='isl-development@googlegroups.com'
PACKAGE_NAME='isl'
PACKAGE_STRING='isl 0.22'
PACKAGE_TARNAME='isl'
PACKAGE_URL=''
PACKAGE_VERSION='0.22'
PATH_SEPARATOR=':'
PDFLATEX=''
PERL='perl'
POD2HTML='pod2html'
PRTDIAG=''
PYTHON='/home/omnisky/anaconda3/bin/python'
PYTHON_EXEC_PREFIX='${exec_prefix}'
PYTHON_PLATFORM='linux'
PYTHON_PREFIX='${prefix}'
PYTHON_VERSION='3.8'
RANLIB='ranlib'
SED='/bin/sed'
SET_MAKE=''
SHELL='/bin/sh'
SMALL_INT_OPT_FALSE=''
SMALL_INT_OPT_TRUE='#'
STRIP='strip'
VERSION='0.22'
WARNING_FLAGS=''
ac_ct_AR='ar'
ac_ct_CC='gcc'
ac_ct_CXX='g++'
ac_ct_DUMPBIN=''
am__EXEEXT_FALSE=''
am__EXEEXT_TRUE='#'
am__fastdepCC_FALSE='#'
am__fastdepCC_TRUE=''
am__fastdepCXX_FALSE='#'
am__fastdepCXX_TRUE=''
am__include='include'
am__isrc=''
am__leading_dot='.'
am__nodep='_no'
am__quote=''
am__tar='$${TAR-tar} chof - "$$tardir"'
am__untar='$${TAR-tar} xf -'
bindir='${exec_prefix}/bin'
build='x86_64-pc-linux-gnu'
build_alias=''
build_cpu='x86_64'
build_os='linux-gnu'
build_vendor='pc'
datadir='${datarootdir}'
datarootdir='${prefix}/share'
docdir='${datarootdir}/doc/${PACKAGE_TARNAME}'
dvidir='${docdir}'
exec_prefix='${prefix}'
host='x86_64-pc-linux-gnu'
host_alias=''
host_cpu='x86_64'
host_os='linux-gnu'
host_vendor='pc'
htmldir='${docdir}'
includedir='${prefix}/include'
infodir='${datarootdir}/info'
install_sh='${SHELL} /home/omnisky/fpga/AutoSA/src/isl/install-sh'
libdir='${exec_prefix}/lib'
libexecdir='${exec_prefix}/libexec'
llvm_config_found=''
localedir='${datarootdir}/locale'
localstatedir='${prefix}/var'
mandir='${datarootdir}/man'
mkdir_p='$(MKDIR_P)'
oldincludedir='/usr/include'
pdfdir='${docdir}'
pkgconfig_libdir='${libdir}/pkgconfig'
pkgconfig_libfile='isl.pc'
pkgpyexecdir='${pyexecdir}/isl'
pkgpythondir='${pythondir}/isl'
prefix='/usr/local'
program_transform_name='s,x,x,'
psdir='${docdir}'
pyexecdir='${exec_prefix}/lib/python3.8/site-packages'
pythondir='${prefix}/lib/python3.8/site-packages'
runstatedir='${localstatedir}/run'
sbindir='${exec_prefix}/sbin'
sharedstatedir='${prefix}/com'
sysconfdir='${prefix}/etc'
target_alias=''
versioninfo='22:0:0'

## ----------- ##
## confdefs.h. ##
## ----------- ##

/* confdefs.h */
#define PACKAGE_NAME "isl"
#define PACKAGE_TARNAME "isl"
#define PACKAGE_VERSION "0.22"
#define PACKAGE_STRING "isl 0.22"
#define PACKAGE_BUGREPORT "isl-development@googlegroups.com"
#define PACKAGE_URL ""
#define PACKAGE "isl"
#define VERSION "0.22"
#define GCC_WARN_UNUSED_RESULT __attribute__((__warn_unused_result__))
#define HAVE___ATTRIBUTE__ 1
#define HAVE_CXX11 1
#define STDC_HEADERS 1
#define HAVE_SYS_TYPES_H 1
#define HAVE_SYS_STAT_H 1
#define HAVE_STDLIB_H 1
#define HAVE_STRING_H 1
#define HAVE_MEMORY_H 1
#define HAVE_STRINGS_H 1
#define HAVE_INTTYPES_H 1
#define HAVE_STDINT_H 1
#define HAVE_UNISTD_H 1
#define HAVE_DLFCN_H 1
#define LT_OBJDIR ".libs/"
#define USE_GMP_FOR_MP /**/
#define HAVE_LIBGMP 1
#define HAVE_DECL_MP_GET_MEMORY_FUNCTIONS 1
#define HAVE_DECL_FFS 1
#define HAVE_DECL___BUILTIN_FFS 1
#define HAVE_DECL__BITSCANFORWARD 0
#define HAVE_DECL_STRCASECMP 1
#define HAVE_DECL_STRNCASECMP 1
#define HAVE_DECL__STRICMP 0
#define HAVE_DECL__STRNICMP 0
#define HAVE_DECL_SNPRINTF 1
#define HAVE_DECL__SNPRINTF 0

configure: exit 0
